# JRE version: OpenJDK Runtime Environment (8.0_242-b01) (build 1.8.0_242-release-1644-b01)
# Java VM: OpenJDK 64-Bit Server VM (25.242-b01 mixed mode windows-amd64 compressed oops)
Heap:
 PSYoungGen      total 176640K, used 24258K [0x00000000d5580000, 0x00000000e2100000, 0x0000000100000000)
  eden space 164864K, 7% used [0x00000000d5580000,0x00000000d61b1540,0x00000000df680000)
  from space 11776K, 99% used [0x00000000e1580000,0x00000000e20ff478,0x00000000e2100000)
  to   space 13824K, 0% used [0x00000000e0600000,0x00000000e0600000,0x00000000e1380000)
 ParOldGen       total 140800K, used 18504K [0x0000000080000000, 0x0000000088980000, 0x00000000d5580000)
  object space 140800K, 13% used [0x0000000080000000,0x0000000081212348,0x0000000088980000)
 Metaspace       used 44725K, capacity 46138K, committed 46376K, reserved 1089536K
  class space    used 6058K, capacity 6409K, committed 6448K, reserved 1048576K
GC Heap History (10 events):
Event: 4.856 GC heap before
{Heap before GC invocations=6 (full 1):
 PSYoungGen      total 75776K, used 64701K [0x00000000d5580000, 0x00000000de980000, 0x0000000100000000)
  eden space 65024K, 99% used [0x00000000d5580000,0x00000000d94af660,0x00000000d9500000)
  from space 10752K, 0% used [0x00000000d9f80000,0x00000000d9f80000,0x00000000daa00000)
  to   space 10752K, 0% used [0x00000000d9500000,0x00000000d9500000,0x00000000d9f80000)
 ParOldGen       total 92672K, used 7225K [0x0000000080000000, 0x0000000085a80000, 0x00000000d5580000)
  object space 92672K, 7% used [0x0000000080000000,0x000000008070e7c8,0x0000000085a80000)
 Metaspace       used 28230K, capacity 28912K, committed 29232K, reserved 1075200K
  class space    used 3893K, capacity 4127K, committed 4144K, reserved 1048576K
Event: 4.864 GC heap after
Heap after GC invocations=6 (full 1):
 PSYoungGen      total 75776K, used 8347K [0x00000000d5580000, 0x00000000dd880000, 0x0000000100000000)
  eden space 65024K, 0% used [0x00000000d5580000,0x00000000d5580000,0x00000000d9500000)
  from space 10752K, 77% used [0x00000000d9500000,0x00000000d9d26c30,0x00000000d9f80000)
  to   space 12288K, 0% used [0x00000000dcc80000,0x00000000dcc80000,0x00000000dd880000)
 ParOldGen       total 92672K, used 7233K [0x0000000080000000, 0x0000000085a80000, 0x00000000d5580000)
  object space 92672K, 7% used [0x0000000080000000,0x00000000807107c8,0x0000000085a80000)
 Metaspace       used 28230K, capacity 28912K, committed 29232K, reserved 1075200K
  class space    used 3893K, capacity 4127K, committed 4144K, reserved 1048576K
}
Event: 5.474 GC heap before
{Heap before GC invocations=7 (full 1):
 PSYoungGen      total 75776K, used 73371K [0x00000000d5580000, 0x00000000dd880000, 0x0000000100000000)
  eden space 65024K, 100% used [0x00000000d5580000,0x00000000d9500000,0x00000000d9500000)
  from space 10752K, 77% used [0x00000000d9500000,0x00000000d9d26c30,0x00000000d9f80000)
  to   space 12288K, 0% used [0x00000000dcc80000,0x00000000dcc80000,0x00000000dd880000)
 ParOldGen       total 92672K, used 7233K [0x0000000080000000, 0x0000000085a80000, 0x00000000d5580000)
  object space 92672K, 7% used [0x0000000080000000,0x00000000807107c8,0x0000000085a80000)
 Metaspace       used 32260K, capacity 32992K, committed 33072K, reserved 1077248K
  class space    used 4406K, capacity 4609K, committed 4656K, reserved 1048576K
Event: 5.486 GC heap after
Heap after GC invocations=7 (full 1):
 PSYoungGen      total 121856K, used 8646K [0x00000000d5580000, 0x00000000dd800000, 0x0000000100000000)
  eden space 110080K, 0% used [0x00000000d5580000,0x00000000d5580000,0x00000000dc100000)
  from space 11776K, 73% used [0x00000000dcc80000,0x00000000dd4f19e0,0x00000000dd800000)
  to   space 11776K, 0% used [0x00000000dc100000,0x00000000dc100000,0x00000000dcc80000)
 ParOldGen       total 92672K, used 7241K [0x0000000080000000, 0x0000000085a80000, 0x00000000d5580000)
  object space 92672K, 7% used [0x0000000080000000,0x00000000807127c8,0x0000000085a80000)
 Metaspace       used 32260K, capacity 32992K, committed 33072K, reserved 1077248K
  class space    used 4406K, capacity 4609K, committed 4656K, reserved 1048576K
}
Event: 6.002 GC heap before
{Heap before GC invocations=8 (full 1):
 PSYoungGen      total 121856K, used 57090K [0x00000000d5580000, 0x00000000dd800000, 0x0000000100000000)
  eden space 110080K, 44% used [0x00000000d5580000,0x00000000d84cef38,0x00000000dc100000)
  from space 11776K, 73% used [0x00000000dcc80000,0x00000000dd4f19e0,0x00000000dd800000)
  to   space 11776K, 0% used [0x00000000dc100000,0x00000000dc100000,0x00000000dcc80000)
 ParOldGen       total 92672K, used 7241K [0x0000000080000000, 0x0000000085a80000, 0x00000000d5580000)
  object space 92672K, 7% used [0x0000000080000000,0x00000000807127c8,0x0000000085a80000)
 Metaspace       used 34597K, capacity 35410K, committed 35496K, reserved 1079296K
  class space    used 4744K, capacity 4972K, committed 5040K, reserved 1048576K
Event: 6.010 GC heap after
Heap after GC invocations=8 (full 1):
 PSYoungGen      total 121856K, used 9091K [0x00000000d5580000, 0x00000000e2100000, 0x0000000100000000)
  eden space 110080K, 0% used [0x00000000d5580000,0x00000000d5580000,0x00000000dc100000)
  from space 11776K, 77% used [0x00000000dc100000,0x00000000dc9e0ff0,0x00000000dcc80000)
  to   space 11776K, 0% used [0x00000000e1580000,0x00000000e1580000,0x00000000e2100000)
 ParOldGen       total 92672K, used 7249K [0x0000000080000000, 0x0000000085a80000, 0x00000000d5580000)
  object space 92672K, 7% used [0x0000000080000000,0x00000000807147c8,0x0000000085a80000)
 Metaspace       used 34597K, capacity 35410K, committed 35496K, reserved 1079296K
  class space    used 4744K, capacity 4972K, committed 5040K, reserved 1048576K
}
Event: 6.010 GC heap before
{Heap before GC invocations=9 (full 2):
 PSYoungGen      total 121856K, used 9091K [0x00000000d5580000, 0x00000000e2100000, 0x0000000100000000)
  eden space 110080K, 0% used [0x00000000d5580000,0x00000000d5580000,0x00000000dc100000)
  from space 11776K, 77% used [0x00000000dc100000,0x00000000dc9e0ff0,0x00000000dcc80000)
  to   space 11776K, 0% used [0x00000000e1580000,0x00000000e1580000,0x00000000e2100000)
 ParOldGen       total 92672K, used 7249K [0x0000000080000000, 0x0000000085a80000, 0x00000000d5580000)
  object space 92672K, 7% used [0x0000000080000000,0x00000000807147c8,0x0000000085a80000)
 Metaspace       used 34597K, capacity 35410K, committed 35496K, reserved 1079296K
  class space    used 4744K, capacity 4972K, committed 5040K, reserved 1048576K
Event: 6.056 GC heap after
Heap after GC invocations=9 (full 2):
 PSYoungGen      total 121856K, used 0K [0x00000000d5580000, 0x00000000e2100000, 0x0000000100000000)
  eden space 110080K, 0% used [0x00000000d5580000,0x00000000d5580000,0x00000000dc100000)
  from space 11776K, 0% used [0x00000000dc100000,0x00000000dc100000,0x00000000dcc80000)
  to   space 11776K, 0% used [0x00000000e1580000,0x00000000e1580000,0x00000000e2100000)
 ParOldGen       total 140800K, used 15605K [0x0000000080000000, 0x0000000088980000, 0x00000000d5580000)
  object space 140800K, 11% used [0x0000000080000000,0x0000000080f3d408,0x0000000088980000)
 Metaspace       used 34597K, capacity 35410K, committed 35496K, reserved 1079296K
  class space    used 4744K, capacity 4972K, committed 5040K, reserved 1048576K
}
Event: 7.863 GC heap before
{Heap before GC invocations=10 (full 2):
 PSYoungGen      total 121856K, used 110080K [0x00000000d5580000, 0x00000000e2100000, 0x0000000100000000)
  eden space 110080K, 100% used [0x00000000d5580000,0x00000000dc100000,0x00000000dc100000)
  from space 11776K, 0% used [0x00000000dc100000,0x00000000dc100000,0x00000000dcc80000)
  to   space 11776K, 0% used [0x00000000e1580000,0x00000000e1580000,0x00000000e2100000)
 ParOldGen       total 140800K, used 15605K [0x0000000080000000, 0x0000000088980000, 0x00000000d5580000)
  object space 140800K, 11% used [0x0000000080000000,0x0000000080f3d408,0x0000000088980000)
 Metaspace       used 44503K, capacity 46010K, committed 46120K, reserved 1089536K
  class space    used 6030K, capacity 6409K, committed 6448K, reserved 1048576K
Event: 7.879 GC heap after
Heap after GC invocations=10 (full 2):
 PSYoungGen      total 176640K, used 11773K [0x00000000d5580000, 0x00000000e2100000, 0x0000000100000000)
  eden space 164864K, 0% used [0x00000000d5580000,0x00000000d5580000,0x00000000df680000)
  from space 11776K, 99% used [0x00000000e1580000,0x00000000e20ff478,0x00000000e2100000)
  to   space 13824K, 0% used [0x00000000e0600000,0x00000000e0600000,0x00000000e1380000)
 ParOldGen       total 140800K, used 18504K [0x0000000080000000, 0x0000000088980000, 0x00000000d5580000)
  object space 140800K, 13% used [0x0000000080000000,0x0000000081212348,0x0000000088980000)
 Metaspace       used 44503K, capacity 46010K, committed 46120K, reserved 1089536K
  class space    used 6030K, capacity 6409K, committed 6448K, reserved 1048576K
}

